# JRE version: Java(TM) SE Runtime Environment (8.0_171-b11) (build 1.8.0_171-b11)
# Java VM: Java HotSpot(TM) Client VM (25.171-b11 mixed mode, sharing windows-x86 )
Heap:
 def new generation   total 4928K, used 2613K [0x04e00000, 0x05350000, 0x0a350000)
  eden space 4416K,  56% used [0x04e00000, 0x0506cc48, 0x05250000)
  from space 512K,  25% used [0x052d0000, 0x052f0970, 0x05350000)
  to   space 512K,   0% used [0x05250000, 0x05250000, 0x052d0000)
 tenured generation   total 10944K, used 10866K [0x0a350000, 0x0ae00000, 0x14e00000)
   the space 10944K,  99% used [0x0a350000, 0x0adec980, 0x0adeca00, 0x0ae00000)
 Metaspace       used 2759K, capacity 3807K, committed 3904K, reserved 4480K
GC Heap History (10 events):
Event: 0.262 GC heap before
{Heap before GC invocations=0 (full 0):
 def new generation   total 4928K, used 4416K [0x04e00000, 0x05350000, 0x0a350000)
  eden space 4416K, 100% used [0x04e00000, 0x05250000, 0x05250000)
  from space 512K,   0% used [0x05250000, 0x05250000, 0x052d0000)
  to   space 512K,   0% used [0x052d0000, 0x052d0000, 0x05350000)
 tenured generation   total 10944K, used 0K [0x0a350000, 0x0ae00000, 0x14e00000)
   the space 10944K,   0% used [0x0a350000, 0x0a350000, 0x0a350200, 0x0ae00000)
 Metaspace       used 813K, capacity 2606K, committed 2624K, reserved 4480K
Event: 0.268 GC heap after
Heap after GC invocations=1 (full 0):
 def new generation   total 4928K, used 512K [0x04e00000, 0x05350000, 0x0a350000)
  eden space 4416K,   0% used [0x04e00000, 0x04e00000, 0x05250000)
  from space 512K, 100% used [0x052d0000, 0x05350000, 0x05350000)
  to   space 512K,   0% used [0x05250000, 0x05250000, 0x052d0000)
 tenured generation   total 10944K, used 1036K [0x0a350000, 0x0ae00000, 0x14e00000)
   the space 10944K,   9% used [0x0a350000, 0x0a4533a8, 0x0a453400, 0x0ae00000)
 Metaspace       used 813K, capacity 2606K, committed 2624K, reserved 4480K
}
Event: 0.500 GC heap before
{Heap before GC invocations=1 (full 0):
 def new generation   total 4928K, used 4928K [0x04e00000, 0x05350000, 0x0a350000)
  eden space 4416K, 100% used [0x04e00000, 0x05250000, 0x05250000)
  from space 512K, 100% used [0x052d0000, 0x05350000, 0x05350000)
  to   space 512K,   0% used [0x05250000, 0x05250000, 0x052d0000)
 tenured generation   total 10944K, used 1036K [0x0a350000, 0x0ae00000, 0x14e00000)
   the space 10944K,   9% used [0x0a350000, 0x0a4533a8, 0x0a453400, 0x0ae00000)
 Metaspace       used 1596K, capacity 3133K, committed 3136K, reserved 4480K
Event: 0.505 GC heap after
Heap after GC invocations=2 (full 0):
 def new generation   total 4928K, used 512K [0x04e00000, 0x05350000, 0x0a350000)
  eden space 4416K,   0% used [0x04e00000, 0x04e00000, 0x05250000)
  from space 512K, 100% used [0x05250000, 0x052d0000, 0x052d0000)
  to   space 512K,   0% used [0x052d0000, 0x052d0000, 0x05350000)
 tenured generation   total 10944K, used 2262K [0x0a350000, 0x0ae00000, 0x14e00000)
   the space 10944K,  20% used [0x0a350000, 0x0a585aa0, 0x0a585c00, 0x0ae00000)
 Metaspace       used 1596K, capacity 3133K, committed 3136K, reserved 4480K
}
Event: 0.729 GC heap before
{Heap before GC invocations=2 (full 0):
 def new generation   total 4928K, used 3729K [0x04e00000, 0x05350000, 0x0a350000)
  eden space 4416K,  72% used [0x04e00000, 0x05124740, 0x05250000)
  from space 512K, 100% used [0x05250000, 0x052d0000, 0x052d0000)
  to   space 512K,   0% used [0x052d0000, 0x052d0000, 0x05350000)
 tenured generation   total 10944K, used 2262K [0x0a350000, 0x0ae00000, 0x14e00000)
   the space 10944K,  20% used [0x0a350000, 0x0a585aa0, 0x0a585c00, 0x0ae00000)
 Metaspace       used 2306K, capacity 3741K, committed 3776K, reserved 4480K
Event: 0.735 GC heap after
Heap after GC invocations=3 (full 0):
 def new generation   total 4928K, used 512K [0x04e00000, 0x05350000, 0x0a350000)
  eden space 4416K,   0% used [0x04e00000, 0x04e00000, 0x05250000)
  from space 512K, 100% used [0x052d0000, 0x05350000, 0x05350000)
  to   space 512K,   0% used [0x05250000, 0x05250000, 0x052d0000)
 tenured generation   total 10944K, used 3148K [0x0a350000, 0x0ae00000, 0x14e00000)
   the space 10944K,  28% used [0x0a350000, 0x0a6631a0, 0x0a663200, 0x0ae00000)
 Metaspace       used 2306K, capacity 3741K, committed 3776K, reserved 4480K
}
Event: 0.786 GC heap before
{Heap before GC invocations=3 (full 0):
 def new generation   total 4928K, used 4249K [0x04e00000, 0x05350000, 0x0a350000)
  eden space 4416K,  84% used [0x04e00000, 0x051a6650, 0x05250000)
  from space 512K, 100% used [0x052d0000, 0x05350000, 0x05350000)
  to   space 512K,   0% used [0x05250000, 0x05250000, 0x052d0000)
 tenured generation   total 10944K, used 3148K [0x0a350000, 0x0ae00000, 0x14e00000)
   the space 10944K,  28% used [0x0a350000, 0x0a6631a0, 0x0a663200, 0x0ae00000)
 Metaspace       used 2325K, capacity 3741K, committed 3776K, reserved 4480K
Event: 0.790 GC heap after
Heap after GC invocations=4 (full 0):
 def new generation   total 4928K, used 57K [0x04e00000, 0x05350000, 0x0a350000)
  eden space 4416K,   0% used [0x04e00000, 0x04e00000, 0x05250000)
  from space 512K,  11% used [0x05250000, 0x0525e588, 0x052d0000)
  to   space 512K,   0% used [0x052d0000, 0x052d0000, 0x05350000)
 tenured generation   total 10944K, used 7104K [0x0a350000, 0x0ae00000, 0x14e00000)
   the space 10944K,  64% used [0x0a350000, 0x0aa40218, 0x0aa40400, 0x0ae00000)
 Metaspace       used 2325K, capacity 3741K, committed 3776K, reserved 4480K
}
Event: 2.638 GC heap before
{Heap before GC invocations=4 (full 0):
 def new generation   total 4928K, used 4473K [0x04e00000, 0x05350000, 0x0a350000)
  eden space 4416K, 100% used [0x04e00000, 0x05250000, 0x05250000)
  from space 512K,  11% used [0x05250000, 0x0525e588, 0x052d0000)
  to   space 512K,   0% used [0x052d0000, 0x052d0000, 0x05350000)
 tenured generation   total 10944K, used 7104K [0x0a350000, 0x0ae00000, 0x14e00000)
   the space 10944K,  64% used [0x0a350000, 0x0aa40218, 0x0aa40400, 0x0ae00000)
 Metaspace       used 2374K, capacity 3741K, committed 3776K, reserved 4480K
Event: 2.642 GC heap after
Heap after GC invocations=5 (full 0):
 def new generation   total 4928K, used 130K [0x04e00000, 0x05350000, 0x0a350000)
  eden space 4416K,   0% used [0x04e00000, 0x04e00000, 0x05250000)
  from space 512K,  25% used [0x052d0000, 0x052f0970, 0x05350000)
  to   space 512K,   0% used [0x05250000, 0x05250000, 0x052d0000)
 tenured generation   total 10944K, used 10866K [0x0a350000, 0x0ae00000, 0x14e00000)
   the space 10944K,  99% used [0x0a350000, 0x0adec980, 0x0adeca00, 0x0ae00000)
 Metaspace       used 2374K, capacity 3741K, committed 3776K, reserved 4480K
}

