# JRE version: Java(TM) SE Runtime Environment (8.0_171-b11) (build 1.8.0_171-b11)
# Java VM: Java HotSpot(TM) Client VM (25.171-b11 mixed mode, sharing windows-x86 )
Heap:
 def new generation   total 4928K, used 1688K [0x05000000, 0x05550000, 0x0a550000)
  eden space 4416K,  35% used [0x05000000, 0x05185f10, 0x05450000)
  from space 512K,  25% used [0x054d0000, 0x054f0120, 0x05550000)
  to   space 512K,   0% used [0x05450000, 0x05450000, 0x054d0000)
 tenured generation   total 10944K, used 2132K [0x0a550000, 0x0b000000, 0x15000000)
   the space 10944K,  19% used [0x0a550000, 0x0a765100, 0x0a765200, 0x0b000000)
 Metaspace       used 871K, capacity 2575K, committed 2624K, reserved 4480K
GC Heap History (10 events):
Event: 0.365 GC heap before
{Heap before GC invocations=0 (full 0):
 def new generation   total 4928K, used 4416K [0x05000000, 0x05550000, 0x0a550000)
  eden space 4416K, 100% used [0x05000000, 0x05450000, 0x05450000)
  from space 512K,   0% used [0x05450000, 0x05450000, 0x054d0000)
  to   space 512K,   0% used [0x054d0000, 0x054d0000, 0x05550000)
 tenured generation   total 10944K, used 0K [0x0a550000, 0x0b000000, 0x15000000)
   the space 10944K,   0% used [0x0a550000, 0x0a550000, 0x0a550200, 0x0b000000)
 Metaspace       used 544K, capacity 2511K, committed 2624K, reserved 4480K
Event: 0.372 GC heap after
Heap after GC invocations=1 (full 0):
 def new generation   total 4928K, used 512K [0x05000000, 0x05550000, 0x0a550000)
  eden space 4416K,   0% used [0x05000000, 0x05000000, 0x05450000)
  from space 512K, 100% used [0x054d0000, 0x05550000, 0x05550000)
  to   space 512K,   0% used [0x05450000, 0x05450000, 0x054d0000)
 tenured generation   total 10944K, used 1000K [0x0a550000, 0x0b000000, 0x15000000)
   the space 10944K,   9% used [0x0a550000, 0x0a64a2b8, 0x0a64a400, 0x0b000000)
 Metaspace       used 544K, capacity 2511K, committed 2624K, reserved 4480K
}
Event: 5.205 GC heap before
{Heap before GC invocations=1 (full 0):
 def new generation   total 4928K, used 4928K [0x05000000, 0x05550000, 0x0a550000)
  eden space 4416K, 100% used [0x05000000, 0x05450000, 0x05450000)
  from space 512K, 100% used [0x054d0000, 0x05550000, 0x05550000)
  to   space 512K,   0% used [0x05450000, 0x05450000, 0x054d0000)
 tenured generation   total 10944K, used 1000K [0x0a550000, 0x0b000000, 0x15000000)
   the space 10944K,   9% used [0x0a550000, 0x0a64a2b8, 0x0a64a400, 0x0b000000)
 Metaspace       used 723K, capacity 2511K, committed 2624K, reserved 4480K
Event: 5.209 GC heap after
Heap after GC invocations=2 (full 0):
 def new generation   total 4928K, used 132K [0x05000000, 0x05550000, 0x0a550000)
  eden space 4416K,   0% used [0x05000000, 0x05000000, 0x05450000)
  from space 512K,  25% used [0x05450000, 0x054711e8, 0x054d0000)
  to   space 512K,   0% used [0x054d0000, 0x054d0000, 0x05550000)
 tenured generation   total 10944K, used 2132K [0x0a550000, 0x0b000000, 0x15000000)
   the space 10944K,  19% used [0x0a550000, 0x0a765100, 0x0a765200, 0x0b000000)
 Metaspace       used 723K, capacity 2511K, committed 2624K, reserved 4480K
}
Event: 5.723 GC heap before
{Heap before GC invocations=2 (full 0):
 def new generation   total 4928K, used 4548K [0x05000000, 0x05550000, 0x0a550000)
  eden space 4416K, 100% used [0x05000000, 0x05450000, 0x05450000)
  from space 512K,  25% used [0x05450000, 0x054711e8, 0x054d0000)
  to   space 512K,   0% used [0x054d0000, 0x054d0000, 0x05550000)
 tenured generation   total 10944K, used 2132K [0x0a550000, 0x0b000000, 0x15000000)
   the space 10944K,  19% used [0x0a550000, 0x0a765100, 0x0a765200, 0x0b000000)
 Metaspace       used 723K, capacity 2511K, committed 2624K, reserved 4480K
Event: 5.724 GC heap after
Heap after GC invocations=3 (full 0):
 def new generation   total 4928K, used 128K [0x05000000, 0x05550000, 0x0a550000)
  eden space 4416K,   0% used [0x05000000, 0x05000000, 0x05450000)
  from space 512K,  25% used [0x054d0000, 0x054f0120, 0x05550000)
  to   space 512K,   0% used [0x05450000, 0x05450000, 0x054d0000)
 tenured generation   total 10944K, used 2132K [0x0a550000, 0x0b000000, 0x15000000)
   the space 10944K,  19% used [0x0a550000, 0x0a765100, 0x0a765200, 0x0b000000)
 Metaspace       used 723K, capacity 2511K, committed 2624K, reserved 4480K
}
Event: 6.273 GC heap before
{Heap before GC invocations=3 (full 0):
 def new generation   total 4928K, used 4544K [0x05000000, 0x05550000, 0x0a550000)
  eden space 4416K, 100% used [0x05000000, 0x05450000, 0x05450000)
  from space 512K,  25% used [0x054d0000, 0x054f0120, 0x05550000)
  to   space 512K,   0% used [0x05450000, 0x05450000, 0x054d0000)
 tenured generation   total 10944K, used 2132K [0x0a550000, 0x0b000000, 0x15000000)
   the space 10944K,  19% used [0x0a550000, 0x0a765100, 0x0a765200, 0x0b000000)
 Metaspace       used 723K, capacity 2511K, committed 2624K, reserved 4480K
Event: 6.274 GC heap after
Heap after GC invocations=4 (full 0):
 def new generation   total 4928K, used 128K [0x05000000, 0x05550000, 0x0a550000)
  eden space 4416K,   0% used [0x05000000, 0x05000000, 0x05450000)
  from space 512K,  25% used [0x05450000, 0x05470120, 0x054d0000)
  to   space 512K,   0% used [0x054d0000, 0x054d0000, 0x05550000)
 tenured generation   total 10944K, used 2132K [0x0a550000, 0x0b000000, 0x15000000)
   the space 10944K,  19% used [0x0a550000, 0x0a765100, 0x0a765200, 0x0b000000)
 Metaspace       used 723K, capacity 2511K, committed 2624K, reserved 4480K
}
Event: 6.791 GC heap before
{Heap before GC invocations=4 (full 0):
 def new generation   total 4928K, used 4544K [0x05000000, 0x05550000, 0x0a550000)
  eden space 4416K, 100% used [0x05000000, 0x05450000, 0x05450000)
  from space 512K,  25% used [0x05450000, 0x05470120, 0x054d0000)
  to   space 512K,   0% used [0x054d0000, 0x054d0000, 0x05550000)
 tenured generation   total 10944K, used 2132K [0x0a550000, 0x0b000000, 0x15000000)
   the space 10944K,  19% used [0x0a550000, 0x0a765100, 0x0a765200, 0x0b000000)
 Metaspace       used 723K, capacity 2511K, committed 2624K, reserved 4480K
Event: 6.792 GC heap after
Heap after GC invocations=5 (full 0):
 def new generation   total 4928K, used 128K [0x05000000, 0x05550000, 0x0a550000)
  eden space 4416K,   0% used [0x05000000, 0x05000000, 0x05450000)
  from space 512K,  25% used [0x054d0000, 0x054f0120, 0x05550000)
  to   space 512K,   0% used [0x05450000, 0x05450000, 0x054d0000)
 tenured generation   total 10944K, used 2132K [0x0a550000, 0x0b000000, 0x15000000)
   the space 10944K,  19% used [0x0a550000, 0x0a765100, 0x0a765200, 0x0b000000)
 Metaspace       used 723K, capacity 2511K, committed 2624K, reserved 4480K
}

