# JRE version: Java(TM) SE Runtime Environment (8.0_171-b11) (build 1.8.0_171-b11)
# Java VM: Java HotSpot(TM) Client VM (25.171-b11 mixed mode, sharing windows-x86 )
Heap:
 def new generation   total 4928K, used 2148K [0x04600000, 0x04b50000, 0x09b50000)
  eden space 4416K,  45% used [0x04600000, 0x047f71c0, 0x04a50000)
  from space 512K,  26% used [0x04ad0000, 0x04af2100, 0x04b50000)
  to   space 512K,   0% used [0x04a50000, 0x04a50000, 0x04ad0000)
 tenured generation   total 10944K, used 10868K [0x09b50000, 0x0a600000, 0x14600000)
   the space 10944K,  99% used [0x09b50000, 0x0a5ed3b8, 0x0a5ed400, 0x0a600000)
 Metaspace       used 2574K, capacity 3805K, committed 3904K, reserved 4480K
GC Heap History (10 events):
Event: 0.300 GC heap before
{Heap before GC invocations=0 (full 0):
 def new generation   total 4928K, used 4416K [0x04600000, 0x04b50000, 0x09b50000)
  eden space 4416K, 100% used [0x04600000, 0x04a50000, 0x04a50000)
  from space 512K,   0% used [0x04a50000, 0x04a50000, 0x04ad0000)
  to   space 512K,   0% used [0x04ad0000, 0x04ad0000, 0x04b50000)
 tenured generation   total 10944K, used 0K [0x09b50000, 0x0a600000, 0x14600000)
   the space 10944K,   0% used [0x09b50000, 0x09b50000, 0x09b50200, 0x0a600000)
 Metaspace       used 813K, capacity 2606K, committed 2624K, reserved 4480K
Event: 0.306 GC heap after
Heap after GC invocations=1 (full 0):
 def new generation   total 4928K, used 512K [0x04600000, 0x04b50000, 0x09b50000)
  eden space 4416K,   0% used [0x04600000, 0x04600000, 0x04a50000)
  from space 512K, 100% used [0x04ad0000, 0x04b50000, 0x04b50000)
  to   space 512K,   0% used [0x04a50000, 0x04a50000, 0x04ad0000)
 tenured generation   total 10944K, used 1037K [0x09b50000, 0x0a600000, 0x14600000)
   the space 10944K,   9% used [0x09b50000, 0x09c53528, 0x09c53600, 0x0a600000)
 Metaspace       used 813K, capacity 2606K, committed 2624K, reserved 4480K
}
Event: 0.548 GC heap before
{Heap before GC invocations=1 (full 0):
 def new generation   total 4928K, used 4928K [0x04600000, 0x04b50000, 0x09b50000)
  eden space 4416K, 100% used [0x04600000, 0x04a50000, 0x04a50000)
  from space 512K, 100% used [0x04ad0000, 0x04b50000, 0x04b50000)
  to   space 512K,   0% used [0x04a50000, 0x04a50000, 0x04ad0000)
 tenured generation   total 10944K, used 1037K [0x09b50000, 0x0a600000, 0x14600000)
   the space 10944K,   9% used [0x09b50000, 0x09c53528, 0x09c53600, 0x0a600000)
 Metaspace       used 1596K, capacity 3133K, committed 3136K, reserved 4480K
Event: 0.555 GC heap after
Heap after GC invocations=2 (full 0):
 def new generation   total 4928K, used 512K [0x04600000, 0x04b50000, 0x09b50000)
  eden space 4416K,   0% used [0x04600000, 0x04600000, 0x04a50000)
  from space 512K, 100% used [0x04a50000, 0x04ad0000, 0x04ad0000)
  to   space 512K,   0% used [0x04ad0000, 0x04ad0000, 0x04b50000)
 tenured generation   total 10944K, used 2269K [0x09b50000, 0x0a600000, 0x14600000)
   the space 10944K,  20% used [0x09b50000, 0x09d87788, 0x09d87800, 0x0a600000)
 Metaspace       used 1596K, capacity 3133K, committed 3136K, reserved 4480K
}
Event: 0.831 GC heap before
{Heap before GC invocations=2 (full 0):
 def new generation   total 4928K, used 3723K [0x04600000, 0x04b50000, 0x09b50000)
  eden space 4416K,  72% used [0x04600000, 0x04922f78, 0x04a50000)
  from space 512K, 100% used [0x04a50000, 0x04ad0000, 0x04ad0000)
  to   space 512K,   0% used [0x04ad0000, 0x04ad0000, 0x04b50000)
 tenured generation   total 10944K, used 2269K [0x09b50000, 0x0a600000, 0x14600000)
   the space 10944K,  20% used [0x09b50000, 0x09d87788, 0x09d87800, 0x0a600000)
 Metaspace       used 2306K, capacity 3741K, committed 3776K, reserved 4480K
Event: 0.836 GC heap after
Heap after GC invocations=3 (full 0):
 def new generation   total 4928K, used 512K [0x04600000, 0x04b50000, 0x09b50000)
  eden space 4416K,   0% used [0x04600000, 0x04600000, 0x04a50000)
  from space 512K, 100% used [0x04ad0000, 0x04b50000, 0x04b50000)
  to   space 512K,   0% used [0x04a50000, 0x04a50000, 0x04ad0000)
 tenured generation   total 10944K, used 3152K [0x09b50000, 0x0a600000, 0x14600000)
   the space 10944K,  28% used [0x09b50000, 0x09e64368, 0x09e64400, 0x0a600000)
 Metaspace       used 2306K, capacity 3741K, committed 3776K, reserved 4480K
}
Event: 0.876 GC heap before
{Heap before GC invocations=3 (full 0):
 def new generation   total 4928K, used 4249K [0x04600000, 0x04b50000, 0x09b50000)
  eden space 4416K,  84% used [0x04600000, 0x049a67a8, 0x04a50000)
  from space 512K, 100% used [0x04ad0000, 0x04b50000, 0x04b50000)
  to   space 512K,   0% used [0x04a50000, 0x04a50000, 0x04ad0000)
 tenured generation   total 10944K, used 3152K [0x09b50000, 0x0a600000, 0x14600000)
   the space 10944K,  28% used [0x09b50000, 0x09e64368, 0x09e64400, 0x0a600000)
 Metaspace       used 2325K, capacity 3741K, committed 3776K, reserved 4480K
Event: 0.881 GC heap after
Heap after GC invocations=4 (full 0):
 def new generation   total 4928K, used 57K [0x04600000, 0x04b50000, 0x09b50000)
  eden space 4416K,   0% used [0x04600000, 0x04600000, 0x04a50000)
  from space 512K,  11% used [0x04a50000, 0x04a5e588, 0x04ad0000)
  to   space 512K,   0% used [0x04ad0000, 0x04ad0000, 0x04b50000)
 tenured generation   total 10944K, used 7107K [0x09b50000, 0x0a600000, 0x14600000)
   the space 10944K,  64% used [0x09b50000, 0x0a240c50, 0x0a240e00, 0x0a600000)
 Metaspace       used 2325K, capacity 3741K, committed 3776K, reserved 4480K
}
Event: 2.417 GC heap before
{Heap before GC invocations=4 (full 0):
 def new generation   total 4928K, used 4390K [0x04600000, 0x04b50000, 0x09b50000)
  eden space 4416K,  98% used [0x04600000, 0x04a3b320, 0x04a50000)
  from space 512K,  11% used [0x04a50000, 0x04a5e588, 0x04ad0000)
  to   space 512K,   0% used [0x04ad0000, 0x04ad0000, 0x04b50000)
 tenured generation   total 10944K, used 7107K [0x09b50000, 0x0a600000, 0x14600000)
   the space 10944K,  64% used [0x09b50000, 0x0a240c50, 0x0a240e00, 0x0a600000)
 Metaspace       used 2400K, capacity 3741K, committed 3776K, reserved 4480K
Event: 2.421 GC heap after
Heap after GC invocations=5 (full 0):
 def new generation   total 4928K, used 136K [0x04600000, 0x04b50000, 0x09b50000)
  eden space 4416K,   0% used [0x04600000, 0x04600000, 0x04a50000)
  from space 512K,  26% used [0x04ad0000, 0x04af2100, 0x04b50000)
  to   space 512K,   0% used [0x04a50000, 0x04a50000, 0x04ad0000)
 tenured generation   total 10944K, used 10868K [0x09b50000, 0x0a600000, 0x14600000)
   the space 10944K,  99% used [0x09b50000, 0x0a5ed3b8, 0x0a5ed400, 0x0a600000)
 Metaspace       used 2400K, capacity 3741K, committed 3776K, reserved 4480K
}

